2015-03-21 18:46:08.737|SPARKSEE[INFO] ** START ** 2015-03-21 18:46:08.737 Software version: 5.1.0
2015-03-21 18:46:08.737|SPARKSEE[INFO] No license code
2015-03-21 18:46:08.737|GraphPool[SEVERE] Error creating the file "databases/sparksee/social_network/small.db".
2015-03-21 18:52:32.038|SPARKSEE[INFO] ** START ** 2015-03-21 18:52:32.038 Software version: 5.1.0
2015-03-21 18:52:32.038|SPARKSEE[INFO] No license code
2015-03-21 18:52:32.321|SPARKSEE[INFO] GraphPool 'Social_network_small' has been created at databases/sparksee/social_network/small.db
2015-03-21 18:52:32.523|GraphPool[INFO] Closed databases/sparksee/social_network/small.db
2015-03-21 18:52:32.524|GraphPool[WARNING] Removed databases/sparksee/social_network/small.db.tmp
2015-03-21 18:52:32.524|SPARKSEE[INFO] ** SHUTDOWN ** 2015-03-21 18:52:32.524
2015-03-21 18:55:11.656|SPARKSEE[INFO] ** START ** 2015-03-21 18:55:11.656 Software version: 5.1.0
2015-03-21 18:55:11.656|SPARKSEE[INFO] No license code
2015-03-21 18:55:11.959|SPARKSEE[INFO] GraphPool 'Social_network_small' has been created at databases/sparksee/social_network/small.db
2015-03-21 18:55:12.084|GraphPool[INFO] Closed databases/sparksee/social_network/small.db
2015-03-21 18:55:12.084|GraphPool[WARNING] Removed databases/sparksee/social_network/small.db.tmp
2015-03-21 18:55:12.084|SPARKSEE[INFO] ** SHUTDOWN ** 2015-03-21 18:55:12.084
2015-03-22 17:04:29.953|SPARKSEE[INFO] ** START ** 2015-03-22 17:04:29.953 Software version: 5.1.0
2015-03-22 17:04:29.953|SPARKSEE[INFO] No license code
2015-03-22 17:04:29.953|GraphPool[SEVERE] Error creating the file "databases/sparksee/social_network/small.db".
2015-03-22 17:05:11.542|SPARKSEE[INFO] ** START ** 2015-03-22 17:05:11.542 Software version: 5.1.0
2015-03-22 17:05:11.542|SPARKSEE[INFO] No license code
2015-03-22 17:05:11.870|SPARKSEE[INFO] GraphPool 'Social_network_small' has been created at databases/sparksee/social_network/small.db
2015-03-22 17:05:12.979|GraphPool[INFO] Closed databases/sparksee/social_network/small.db
2015-03-22 17:05:12.980|GraphPool[WARNING] Removed databases/sparksee/social_network/small.db.tmp
2015-03-22 17:05:12.980|SPARKSEE[INFO] ** SHUTDOWN ** 2015-03-22 17:05:12.980
2015-03-22 17:11:35.402|SPARKSEE[INFO] ** START ** 2015-03-22 17:11:35.402 Software version: 5.1.0
2015-03-22 17:11:35.402|SPARKSEE[INFO] No license code
2015-03-22 17:11:35.706|SPARKSEE[INFO] GraphPool 'Social_network_small' has been created at databases/sparksee/social_network/small.db
2015-03-22 17:11:35.864|GraphPool[INFO] Closed databases/sparksee/social_network/small.db
2015-03-22 17:11:35.864|GraphPool[WARNING] Removed databases/sparksee/social_network/small.db.tmp
2015-03-22 17:11:35.864|SPARKSEE[INFO] ** SHUTDOWN ** 2015-03-22 17:11:35.864
